<?xml version="1.0" encoding="UTF-8"?>
<!-- Generated by org.testng.reporters.JUnitReportReporter -->
<testsuite hostname="Zenabs-MacBook-Pro.local" failures="0" tests="5" name="petStoreSwaggerAPITests.TestAPI" time="16.937" errors="0" timestamp="2025-03-11T15:52:35 IST" skipped="0">
  <testcase classname="petStoreSwaggerAPITests.TestAPI" name="testGetAllAvailablePetDetails" time="11.255"/>
  <testcase classname="petStoreSwaggerAPITests.TestAPI" name="testFindPetByID" time="0.544"/>
  <testcase classname="petStoreSwaggerAPITests.TestAPI" name="testCreatePet" time="0.860"/>
  <testcase classname="petStoreSwaggerAPITests.TestAPI" name="testUpdatePet" time="1.056"/>
  <testcase classname="petStoreSwaggerAPITests.TestAPI" name="testDeletePet" time="3.222"/>
</testsuite> <!-- petStoreSwaggerAPITests.TestAPI -->
