<?xml version="1.0" encoding="UTF-8"?>
<!-- Generated by org.testng.reporters.JUnitReportReporter -->
<testsuite hostname="Zenabs-MacBook-Pro.local" failures="0" tests="5" name="petStoreSwaggerAPITests.TestAPI" time="4.679" errors="0" timestamp="2025-03-11T02:32:07 IST" skipped="0">
  <testcase classname="petStoreSwaggerAPITests.TestAPI" name="testGetAllAvailablePetDetails" time="3.417"/>
  <testcase classname="petStoreSwaggerAPITests.TestAPI" name="testFindPetByID" time="0.304"/>
  <testcase classname="petStoreSwaggerAPITests.TestAPI" name="testCreatePet" time="0.330"/>
  <testcase classname="petStoreSwaggerAPITests.TestAPI" name="testUpdatePet" time="0.325"/>
  <testcase classname="petStoreSwaggerAPITests.TestAPI" name="testDeletePet" time="0.303"/>
</testsuite> <!-- petStoreSwaggerAPITests.TestAPI -->
